# JRE version: Java(TM) SE Runtime Environment (8.0_181-b13) (build 1.8.0_181-b13)
# Java VM: Java HotSpot(TM) Server VM (25.181-b13 mixed mode windows-x86 )
Heap:
 garbage-first heap   total 46080K, used 39020K [0x12200000, 0x123000b4, 0x22200000)
  region size 1024K, 1 young (1024K), 0 survivors (0K)
 Metaspace       used 26012K, capacity 26350K, committed 26496K, reserved 27008K
GC Heap History (10 events):
Event: 201.452 GC heap after
Heap after GC invocations=94 (full 2):
 garbage-first heap   total 41984K, used 36066K [0x12200000, 0x123000a4, 0x22200000)
  region size 1024K, 0 young (0K), 0 survivors (0K)
 Metaspace       used 26002K, capacity 26347K, committed 26496K, reserved 27008K
}
Event: 201.454 GC heap before
{Heap before GC invocations=94 (full 2):
 garbage-first heap   total 43008K, used 36066K [0x12200000, 0x123000a8, 0x22200000)
  region size 1024K, 1 young (1024K), 0 survivors (0K)
 Metaspace       used 26003K, capacity 26347K, committed 26496K, reserved 27008K
Event: 201.539 GC heap after
Heap after GC invocations=95 (full 3):
 garbage-first heap   total 41984K, used 36015K [0x12200000, 0x123000a4, 0x22200000)
  region size 1024K, 0 young (0K), 0 survivors (0K)
 Metaspace       used 26003K, capacity 26347K, committed 26496K, reserved 27008K
}
Event: 201.539 GC heap before
{Heap before GC invocations=95 (full 3):
 garbage-first heap   total 41984K, used 36015K [0x12200000, 0x123000a4, 0x22200000)
  region size 1024K, 0 young (0K), 0 survivors (0K)
 Metaspace       used 26003K, capacity 26347K, committed 26496K, reserved 27008K
Event: 201.540 GC heap after
Heap after GC invocations=96 (full 3):
 garbage-first heap   total 41984K, used 36015K [0x12200000, 0x123000a4, 0x22200000)
  region size 1024K, 0 young (0K), 0 survivors (0K)
 Metaspace       used 26003K, capacity 26347K, committed 26496K, reserved 27008K
}
Event: 201.540 GC heap before
{Heap before GC invocations=96 (full 3):
 garbage-first heap   total 41984K, used 36015K [0x12200000, 0x123000a4, 0x22200000)
  region size 1024K, 0 young (0K), 0 survivors (0K)
 Metaspace       used 26003K, capacity 26347K, committed 26496K, reserved 27008K
Event: 201.542 GC heap after
Heap after GC invocations=97 (full 3):
 garbage-first heap   total 41984K, used 36015K [0x12200000, 0x123000a4, 0x22200000)
  region size 1024K, 0 young (0K), 0 survivors (0K)
 Metaspace       used 26003K, capacity 26347K, committed 26496K, reserved 27008K
}
Event: 201.543 GC heap before
{Heap before GC invocations=97 (full 3):
 garbage-first heap   total 41984K, used 36015K [0x12200000, 0x123000a4, 0x22200000)
  region size 1024K, 0 young (0K), 0 survivors (0K)
 Metaspace       used 26003K, capacity 26347K, committed 26496K, reserved 27008K
Event: 201.544 GC heap after
Heap after GC invocations=98 (full 3):
 garbage-first heap   total 41984K, used 36015K [0x12200000, 0x123000a4, 0x22200000)
  region size 1024K, 0 young (0K), 0 survivors (0K)
 Metaspace       used 26003K, capacity 26347K, committed 26496K, reserved 27008K
}
Event: 201.583 GC heap before
{Heap before GC invocations=98 (full 3):
 garbage-first heap   total 45056K, used 39020K [0x12200000, 0x123000b0, 0x22200000)
  region size 1024K, 1 young (1024K), 0 survivors (0K)
 Metaspace       used 26012K, capacity 26350K, committed 26496K, reserved 27008K

