# JRE version: Java(TM) SE Runtime Environment (8.0_181-b13) (build 1.8.0_181-b13)
# Java VM: Java HotSpot(TM) Server VM (25.181-b13 mixed mode windows-x86 )
Heap:
 PSYoungGen      total 15616K, used 9825K [0x2f4c0000, 0x30d40000, 0x3de00000)
  eden space 13312K, 73% used [0x2f4c0000,0x2fe585d0,0x301c0000)
  from space 2304K, 0% used [0x30700000,0x30700000,0x30940000)
  to   space 5376K, 0% used [0x301c0000,0x301c0000,0x30700000)
 ParOldGen       total 15872K, used 6682K [0x12200000, 0x13180000, 0x2f4c0000)
  object space 15872K, 42% used [0x12200000,0x12886a80,0x13180000)
 Metaspace       used 5447K, capacity 5490K, committed 5504K, reserved 5504K
GC Heap History (10 events):
Event: 1.085 GC heap before
{Heap before GC invocations=4 (full 0):
 PSYoungGen      total 4352K, used 4346K [0x2f4c0000, 0x2fd40000, 0x3de00000)
  eden space 4096K, 99% used [0x2f4c0000,0x2f8bf800,0x2f8c0000)
  from space 256K, 98% used [0x2f8c0000,0x2f8ff0b8,0x2f900000)
  to   space 256K, 0% used [0x2fd00000,0x2fd00000,0x2fd40000)
 ParOldGen       total 5632K, used 2228K [0x12200000, 0x12780000, 0x2f4c0000)
  object space 5632K, 39% used [0x12200000,0x1242d030,0x12780000)
 Metaspace       used 4348K, capacity 4396K, committed 4416K, reserved 4480K
Event: 1.090 GC heap after
Heap after GC invocations=4 (full 0):
 PSYoungGen      total 8448K, used 240K [0x2f4c0000, 0x2fd40000, 0x3de00000)
  eden space 8192K, 0% used [0x2f4c0000,0x2f4c0000,0x2fcc0000)
  from space 256K, 93% used [0x2fd00000,0x2fd3c010,0x2fd40000)
  to   space 256K, 0% used [0x2fcc0000,0x2fcc0000,0x2fd00000)
 ParOldGen       total 5632K, used 3497K [0x12200000, 0x12780000, 0x2f4c0000)
  object space 5632K, 62% used [0x12200000,0x1256a6c8,0x12780000)
 Metaspace       used 4348K, capacity 4396K, committed 4416K, reserved 4480K
}
Event: 1.434 GC heap before
{Heap before GC invocations=5 (full 0):
 PSYoungGen      total 8448K, used 8301K [0x2f4c0000, 0x2fd40000, 0x3de00000)
  eden space 8192K, 98% used [0x2f4c0000,0x2fc9f590,0x2fcc0000)
  from space 256K, 93% used [0x2fd00000,0x2fd3c010,0x2fd40000)
  to   space 256K, 0% used [0x2fcc0000,0x2fcc0000,0x2fd00000)
 ParOldGen       total 5632K, used 3497K [0x12200000, 0x12780000, 0x2f4c0000)
  object space 5632K, 62% used [0x12200000,0x1256a6c8,0x12780000)
 Metaspace       used 4890K, capacity 4908K, committed 4992K, reserved 5504K
Event: 1.452 GC heap after
Heap after GC invocations=5 (full 0):
 PSYoungGen      total 8448K, used 240K [0x2f4c0000, 0x30940000, 0x3de00000)
  eden space 8192K, 0% used [0x2f4c0000,0x2f4c0000,0x2fcc0000)
  from space 256K, 93% used [0x2fcc0000,0x2fcfc030,0x2fd00000)
  to   space 2304K, 0% used [0x30700000,0x30700000,0x30940000)
 ParOldGen       total 5632K, used 5075K [0x12200000, 0x12780000, 0x2f4c0000)
  object space 5632K, 90% used [0x12200000,0x126f4e38,0x12780000)
 Metaspace       used 4890K, capacity 4908K, committed 4992K, reserved 5504K
}
Event: 1.452 GC heap before
{Heap before GC invocations=6 (full 1):
 PSYoungGen      total 8448K, used 240K [0x2f4c0000, 0x30940000, 0x3de00000)
  eden space 8192K, 0% used [0x2f4c0000,0x2f4c0000,0x2fcc0000)
  from space 256K, 93% used [0x2fcc0000,0x2fcfc030,0x2fd00000)
  to   space 2304K, 0% used [0x30700000,0x30700000,0x30940000)
 ParOldGen       total 5632K, used 5075K [0x12200000, 0x12780000, 0x2f4c0000)
  object space 5632K, 90% used [0x12200000,0x126f4e38,0x12780000)
 Metaspace       used 4890K, capacity 4908K, committed 4992K, reserved 5504K
Event: 1.467 GC heap after
Heap after GC invocations=6 (full 1):
 PSYoungGen      total 8448K, used 0K [0x2f4c0000, 0x30940000, 0x3de00000)
  eden space 8192K, 0% used [0x2f4c0000,0x2f4c0000,0x2fcc0000)
  from space 256K, 0% used [0x2fcc0000,0x2fcc0000,0x2fd00000)
  to   space 2304K, 0% used [0x30700000,0x30700000,0x30940000)
 ParOldGen       total 7936K, used 3085K [0x12200000, 0x129c0000, 0x2f4c0000)
  object space 7936K, 38% used [0x12200000,0x12503470,0x129c0000)
 Metaspace       used 4890K, capacity 4908K, committed 4992K, reserved 5504K
}
Event: 1.560 GC heap before
{Heap before GC invocations=7 (full 1):
 PSYoungGen      total 8448K, used 8189K [0x2f4c0000, 0x30940000, 0x3de00000)
  eden space 8192K, 99% used [0x2f4c0000,0x2fcbf6f0,0x2fcc0000)
  from space 256K, 0% used [0x2fcc0000,0x2fcc0000,0x2fd00000)
  to   space 2304K, 0% used [0x30700000,0x30700000,0x30940000)
 ParOldGen       total 7936K, used 3085K [0x12200000, 0x129c0000, 0x2f4c0000)
  object space 7936K, 38% used [0x12200000,0x12503470,0x129c0000)
 Metaspace       used 4901K, capacity 4940K, committed 4992K, reserved 5504K
Event: 1.568 GC heap after
Heap after GC invocations=7 (full 1):
 PSYoungGen      total 15616K, used 2303K [0x2f4c0000, 0x30d40000, 0x3de00000)
  eden space 13312K, 0% used [0x2f4c0000,0x2f4c0000,0x301c0000)
  from space 2304K, 99% used [0x30700000,0x3093fd38,0x30940000)
  to   space 5376K, 0% used [0x301c0000,0x301c0000,0x30700000)
 ParOldGen       total 7936K, used 7806K [0x12200000, 0x129c0000, 0x2f4c0000)
  object space 7936K, 98% used [0x12200000,0x1299fba0,0x129c0000)
 Metaspace       used 4901K, capacity 4940K, committed 4992K, reserved 5504K
}
Event: 1.568 GC heap before
{Heap before GC invocations=8 (full 2):
 PSYoungGen      total 15616K, used 2303K [0x2f4c0000, 0x30d40000, 0x3de00000)
  eden space 13312K, 0% used [0x2f4c0000,0x2f4c0000,0x301c0000)
  from space 2304K, 99% used [0x30700000,0x3093fd38,0x30940000)
  to   space 5376K, 0% used [0x301c0000,0x301c0000,0x30700000)
 ParOldGen       total 7936K, used 7806K [0x12200000, 0x129c0000, 0x2f4c0000)
  object space 7936K, 98% used [0x12200000,0x1299fba0,0x129c0000)
 Metaspace       used 4901K, capacity 4940K, committed 4992K, reserved 5504K
Event: 1.614 GC heap after
Heap after GC invocations=8 (full 2):
 PSYoungGen      total 15616K, used 0K [0x2f4c0000, 0x30d40000, 0x3de00000)
  eden space 13312K, 0% used [0x2f4c0000,0x2f4c0000,0x301c0000)
  from space 2304K, 0% used [0x30700000,0x30700000,0x30940000)
  to   space 5376K, 0% used [0x301c0000,0x301c0000,0x30700000)
 ParOldGen       total 15872K, used 6682K [0x12200000, 0x13180000, 0x2f4c0000)
  object space 15872K, 42% used [0x12200000,0x12886a80,0x13180000)
 Metaspace       used 4901K, capacity 4940K, committed 4992K, reserved 5504K
}

